[18:59:24][INFO ][HomeController.java:23]: - Welcome home!
[18:59:29][INFO ][HomeController.java:23]: - Welcome home!
[18:59:37][INFO ][MemberController.java:43]: - login.do run
[19:00:07][INFO ][MemberController.java:56]: - logout.do run..
[19:02:27][INFO ][MemberController.java:43]: - login.do run
[19:02:29][INFO ][MemberController.java:100]: - myinfo.do run.
[19:02:38][INFO ][MemberController.java:125]: - mupview.do run.
[19:02:54][INFO ][MemberController.java:140]: - mupdate.do run.
[19:02:54][WARN ][DispatcherServlet.java:1205]: - No mapping found for HTTP request with URI [/first/myif.do] in DispatcherServlet with name 'appServlet'
[19:03:54][INFO ][MemberController.java:125]: - mupview.do run.
[19:04:16][INFO ][MemberController.java:140]: - mupdate.do run.
[19:04:40][INFO ][MemberController.java:140]: - mupdate.do run.
[19:04:40][WARN ][DispatcherServlet.java:1205]: - No mapping found for HTTP request with URI [/first/myif.do] in DispatcherServlet with name 'appServlet'
[19:06:28][INFO ][HomeController.java:23]: - Welcome home!
[19:06:30][INFO ][MemberController.java:56]: - logout.do run..
[19:06:36][WARN ][BCryptPasswordEncoder.java:90]: - Encoded password does not look like BCrypt
[19:06:36][INFO ][MemberController.java:43]: - login.do run
[19:09:33][INFO ][MemberController.java:56]: - logout.do run..
[19:10:16][INFO ][MemberController.java:43]: - login.do run
[19:10:17][INFO ][MemberController.java:100]: - myinfo.do run.
[19:10:19][INFO ][MemberController.java:125]: - mupview.do run.
[19:10:23][INFO ][MemberController.java:140]: - mupdate.do run.
[19:10:23][WARN ][DispatcherServlet.java:1205]: - No mapping found for HTTP request with URI [/first/myif.do] in DispatcherServlet with name 'appServlet'
[19:24:00][INFO ][MemberController.java:56]: - logout.do run..
[19:24:04][INFO ][HomeController.java:23]: - Welcome home!
[19:24:33][INFO ][HomeController.java:23]: - Welcome home!
[19:24:42][INFO ][MemberController.java:43]: - login.do run
[19:24:53][INFO ][MemberController.java:100]: - myinfo.do run.
[19:26:12][INFO ][MemberController.java:43]: - login.do run
[19:26:19][INFO ][MemberController.java:100]: - myinfo.do run.
[19:26:22][INFO ][MemberController.java:125]: - mupview.do run.
[19:26:37][INFO ][MemberController.java:140]: - mupdate.do run.
[19:26:37][WARN ][DispatcherServlet.java:1205]: - No mapping found for HTTP request with URI [/first/myif.do] in DispatcherServlet with name 'appServlet'
[19:26:56][INFO ][HomeController.java:23]: - Welcome home!
[19:26:57][INFO ][MemberController.java:56]: - logout.do run..
[19:27:03][INFO ][MemberController.java:43]: - login.do run
[19:27:04][INFO ][MemberController.java:56]: - logout.do run..
[19:29:13][INFO ][MemberController.java:56]: - logout.do run..
[19:29:20][INFO ][MemberController.java:43]: - login.do run
[19:29:22][INFO ][MemberController.java:100]: - myinfo.do run.
[19:29:23][INFO ][MemberController.java:125]: - mupview.do run.
[19:29:26][INFO ][MemberController.java:140]: - mupdate.do run.
